<?xml version="1.0" encoding="UTF-8"?>
<testsuite xmlns:xsi="http://www.w3.org/2001/XMLSchema-instance" xsi:noNamespaceSchemaLocation="https://maven.apache.org/surefire/maven-surefire-plugin/xsd/surefire-test-report-3.0.xsd" version="3.0" name="com.mycompany.nestng_annotations.TestNGTask" time="0.222" tests="1" errors="0" skipped="0" failures="0">
  <properties>
[...]
</properties>
  <testcase name="loginTest123" classname="com.mycompany.nestng_annotations.TestNGTask" time="0.009">
    <system-out><![CDATA[login is pass
]]></system-out>
  </testcase>
</testsuite>