<?xml version="1.0" encoding="UTF-8"?>
<testng-results total="1" passed="1" failed="0" skipped="0">
  <reporter-output>
  </reporter-output>
  <suite started-at="2023-11-02T08:00:30Z" name="Surefire suite" finished-at="2023-11-02T08:00:35Z" duration-ms="5023">
    <groups>
    </groups>
    <test started-at="2023-11-02T08:00:30Z" name="Surefire test" finished-at="2023-11-02T08:00:35Z" duration-ms="5023">
      <class name="com.mycompany.nestng_annotations.NestNG_Annotations">
        <test-method is-config="true" signature="testSetUp()[pri:0, instance:com.mycompany.nestng_annotations.NestNG_Annotations@35fc6dc4]" started-at="2023-11-02T13:45:30Z" name="testSetUp" finished-at="2023-11-02T13:45:31Z" duration-ms="1767" status="PASS">
          <reporter-output>
          </reporter-output>
        </test-method> <!-- testSetUp -->
        <test-method is-config="true" signature="openBrowser()[pri:0, instance:com.mycompany.nestng_annotations.NestNG_Annotations@35fc6dc4]" started-at="2023-11-02T13:45:31Z" name="openBrowser" finished-at="2023-11-02T13:45:34Z" duration-ms="2189" status="PASS">
          <reporter-output>
          </reporter-output>
        </test-method> <!-- openBrowser -->
        <test-method signature="testLogin()[pri:0, instance:com.mycompany.nestng_annotations.NestNG_Annotations@35fc6dc4]" started-at="2023-11-02T13:45:34Z" name="testLogin" description="testing for login page with different attributes" finished-at="2023-11-02T13:45:35Z" duration-ms="920" status="PASS">
          <reporter-output>
          </reporter-output>
        </test-method> <!-- testLogin -->
        <test-method is-config="true" signature="postLogin()[pri:0, instance:com.mycompany.nestng_annotations.NestNG_Annotations@35fc6dc4]" started-at="2023-11-02T13:45:35Z" name="postLogin" finished-at="2023-11-02T13:45:35Z" duration-ms="7" status="PASS">
          <reporter-output>
          </reporter-output>
        </test-method> <!-- postLogin -->
        <test-method is-config="true" signature="afterClass()[pri:0, instance:com.mycompany.nestng_annotations.NestNG_Annotations@35fc6dc4]" started-at="2023-11-02T13:45:35Z" name="afterClass" finished-at="2023-11-02T13:45:35Z" duration-ms="132" status="PASS">
          <reporter-output>
          </reporter-output>
        </test-method> <!-- afterClass -->
      </class> <!-- com.mycompany.nestng_annotations.NestNG_Annotations -->
    </test> <!-- Surefire test -->
  </suite> <!-- Surefire suite -->
</testng-results>
